1 -0.00036070067745352929
2 0.24959802143837217514
3 0.51629106975025829129
4 0.77300210647091560645
5 1.01366893783212042024
6 1.24493603802131236336
7 1.46365315910906801378
8 1.67499920715517269798
9 1.87906047313450663694
10 2.07601138797368456324
11 2.26649680152492649654
12 2.45106507930284500674
13 2.63117362227472284530
14 2.80537175519724613082
15 2.97739452676558968847
16 3.14620098542306436684
17 3.30972977767050480224
18 3.46975250605481377875
19 3.62679295272410939788
20 3.78109012695652069169
21 3.93315792015696885642
22 4.08138124427430071250
23 4.22785320262125097202
24 4.37423016074326653779
25 4.51753729469512776973
26 4.65835101173842502931
27 4.79663927766640085792
28 4.93244489559035059756
29 5.06805731001967529892
30 5.20177065828600859732
31 5.33527206072372450762
32 5.46618739893504823613
33 5.59586416077571158212
34 5.72293949146541791606
35 5.84937053358444813966
36 5.97349896450403150538
37 6.09771470583697805523
38 6.22084635890298898175
39 6.34055597321604835770
40 6.46104453412113599597
41 6.58291571289572630121
42 6.70002660486287737740
43 6.81438922081686371257
44 6.93187240264943937973
45 7.04822295761289296934
46 7.16370997069414272573
47 7.27555630554472543281
48 7.38671903847878041915
49 7.49797943030768720973
50 7.60937319070779238928
51 7.71848902667096581354
52 7.82694749156216573738
53 7.93455497555376609853
54 8.04216232662530217112
55 8.15041087679294662394
56 8.25627240142846119397
57 8.35959327314148481491
58 8.46633374942793182072
59 8.57012444693425834430
60 8.67070580976323412870
61 8.77332970086926877684
62 8.87392146031191941802
63 8.97297783624263445290
64 9.07363665868786029023
65 9.17317174975363514022
66 9.27128284703843519310
67 9.36987800877280108125
68 9.46792063202255462784
69 9.56522420718857802058
70 9.66319632166427311404
71 9.76096549736026020128
72 9.85809411069931229576
73 9.95266247092673950192
74 10.04937457347011786624
75 10.14406886738291291294
76 10.23939142482936404122
77 10.33323418707189489396
78 10.42776481565746848901
79 10.52217361761844927059
80 10.61558717971804810531
81 10.70584706813156117278
82 10.79686275066444522963
83 10.88718907111268663357
84 10.97547076338766203207
85 11.06315740569463912379
86 11.15478588212394583934
87 11.24351964175198759222
88 11.33178096544487800656
89 11.42180005397189290761
90 11.50824413315096705901
91 11.59681424411206762670
92 11.68308172318417348379
93 11.77217375125090370602
94 11.85824745785424738642
95 11.94695016943281018484
96 12.03414569654671595345
97 12.11911360740789689316
98 12.20508771583853047105
99 12.29045568458896298125
100 12.37280092071175374713
101 12.45827505575327620591
102 12.54263581033782770646
103 12.62604524991213850171
104 12.71039854555723991325
105 12.79169568124234501738
106 12.87603830105933866434
107 12.95709578611416645799
108 13.04059285714060933969
109 13.11988666361665423210
110 13.19867210695306880552
111 13.27972906464731295273
112 13.36162511753144599425
113 13.44355338813720379676
114 13.52337750443150810042
115 13.60276235260278099304
116 13.68059300938818978466
117 13.76185315643368767269
118 13.84045803539910934887
119 13.92137911901775737533
120 13.99986320330535249923
121 14.07887305686324452836
122 14.15717943592244409956
123 14.23433369710838292121
124 14.31312707254900828957
125 14.39307793099490595523
126 14.47193738409393404254
127 14.55062257039469386655
128 14.62838551248592011689
129 14.70266820056301071418
130 14.77821389469366408775
131 14.85485449342328934108
132 14.93084460224247322913
133 15.00632381692551575725
134 15.08053263629295770443
135 15.15699777173810502973
136 15.23284721350594850264
137 15.30936911830295343862
138 15.38240999573503131614
139 15.45492846385718621605
140 15.52985098828722243525
141 15.60459555821958588240
142 15.67792534247055868946
143 15.75325052237798217902
144 15.82836428366533709777
145 15.90227120652838266324
146 15.98031567511546313654
147 16.05033489225525045185
148 16.12361589825621877026
149 16.19765257235519584356
150 16.27195062356756238842
151 16.34382443551149322047
152 16.41437376975127904188
153 16.48525229332341268673
154 16.55583416111673500382
155 16.62393677360935839715
156 16.69625699774459803848
157 16.76572596347702415187
158 16.83632701059573832936
159 16.90731870785711521421
160 16.97593849581190283970
161 17.04467971056496367055
162 17.11306983473423315445
163 17.18648672546737543598
164 17.25400520520068425867
165 17.32619738531349184996
166 17.39410188465734563579
167 17.46406244042589150922
168 17.53244994655847222020
169 17.60354885918457057414
170 17.67517406766859267009
171 17.74578747844557824465
172 17.81038826436400768216
173 17.88046642321688750599
174 17.94452070271842103466
175 18.01398108840669465280
176 18.08316744315743562765
177 18.14582487662781318249
178 18.21320525423283243072
179 18.27986970047339809753
180 18.34782437754398642937
181 18.41610421184350343538
182 18.48140306931443888061
183 18.54741113802705854141
184 18.61368489430267914031
185 18.68084632712074721894
186 18.74840388234611054941
187 18.81764699756615755177
188 18.88518845782564881119
189 18.95043575384906375803
190 19.01527823476243383993
191 19.08010856523301868037
192 19.14734422483414277849
193 19.21225092103460951876
194 19.27681744005502650907
195 19.34055430327859426143
196 19.40473793121930157213
197 19.46665690479778731969
198 19.53144416605294964029
199 19.59624046517114948074
200 19.66117495097864775744
201 19.72410423654312694453
202 19.79085107506355711848
203 19.85434589103383018482
204 19.91831422765525871910
205 19.98363458302756612284
206 20.04598188155597426885
207 20.10857912973409611368
208 20.17140445834016304616
209 20.23161837361311654604
210 20.29392405980692615231
211 20.35762417798423484783
212 20.42265384579309284163
213 20.48402046486927474689
214 20.54607387940768603585
215 20.60825348136845036606
216 20.67029880610181180600
217 20.73317737396249071935
218 20.79473400588884146600
219 20.85595897777056961786
220 20.92125857363842555969
221 20.98255574801177658628
222 21.04435878299995010821
223 21.10970814643440007785
224 21.17129367030955222617
225 21.23348065350560887055
226 21.29458208035993038720
227 21.35662206029152798692
228 21.41891227619456117282
229 21.47870044722395732606
230 21.53968522819920394795
231 21.60167752379621219916
232 21.66060137055052337018
233 21.71946806855402201109
234 21.77732537532202172770
235 21.83910639928001273802
236 21.89881514963445852118
237 21.96221788673972241668
238 22.02243222681448742151
239 22.08305840482745452391
240 22.14323768101019140886
241 22.20061922993204461818
242 22.26266182779590963037
243 22.32120144547326390239
244 22.37886379329330566179
245 22.43537941226691145857
246 22.49746995030886864697
247 22.55671824645918377428
248 22.61570518992965617144
249 22.67670883121968472551
250 22.73628177244142989366
251 22.79306679991299233734
252 22.85032822792635442966
253 22.90737633802075379208
254 22.96923892719593141010
255 23.02438604690865986413
256 23.08371123131632884906
257 23.13989844106447435479
258 23.19781862607862876757
259 23.25485720947597201302
260 23.31308303744168597404
261 23.37298758002259546629
262 23.42590076024180234526
263 23.48239749110393859155
264 23.53808627974274259032
265 23.59793239119045438201
266 23.65576604863741749796
267 23.71086585188629669574
268 23.76810200315657084502
269 23.82758794265657797951
270 23.88630712039287118387
271 23.94118153444384233808
272 23.99816796833243870424
273 24.05431485319235207498
274 24.11145207052931027647
275 24.16721160382621746976
276 24.22508500628981664704
277 24.27940836673417379643
278 24.33833678043498593979
279 24.39784646273648149872
280 24.45190326885659715117
281 24.50730061050222730046
282 24.56597870862515264889
283 24.62099215210577085600
284 24.67767132334961388551
285 24.73668187940029383753
286 24.79535971516577319562
287 24.84929178478211042602
288 24.90542922610717369025
289 24.95964346434141134523
290 25.01620312455463590595
291 25.07162559224855158391
292 25.12597925366628714983
293 25.17768606457929081444
294 25.23264025427005208257
295 25.28904603672003759129
296 25.34133611752253045779
297 25.39636634586986474460
298 25.45114505246732505839
299 25.50869036725276828292
300 25.56186053126583601625
301 25.61195028571813736562
302 25.66676293564188426899
303 25.72381790145641389245
304 25.77962745426401625082
305 25.83456496237380406455
306 25.89003988902862829491
307 25.94417496981679960300
308 25.99993385495127995455
309 26.05521662790414438859
310 26.11036538448735200291
311 26.16306646709369942982
312 26.21581962554949996047
313 26.26879573357894059882
314 26.32695625773351366661
315 26.38114661963942353395
316 26.43637749167828587815
317 26.48809092860409464265
318 26.54488430899760942339
319 26.59803567039659810689
320 26.65293255307233266649
321 26.70253137575008395288
322 26.75275793551884362387
323 26.80473221429883778910
324 26.85934377989178756252
325 26.91127148042090766467
326 26.96391306611150184835
327 27.01831927049062187507
328 27.07132067227968263978
329 27.12470537292608696589
330 27.17698829457629017270
331 27.22706370551196641827
332 27.28226985136961957323
333 27.33607237084140706429
334 27.38343265694277306466
335 27.43853600826309957483
336 27.49228025118230789303
337 27.54081046175974734069
338 27.59262079559556468666
339 27.64305443195684119928
340 27.69542427377865578819
341 27.74859639736922645170
342 27.79953035995418986204
343 27.85216661584689745723
344 27.90530134188622923830
345 27.95665548341031581003
346 28.00964787082870088852
347 28.06238049080798191426
348 28.11641978629785398880
349 28.16435426361908866966
350 28.21427733983495045322
351 28.26729932614586005002
352 28.31821212745637694752
353 28.37087505082831739855
354 28.42261313519861687382
355 28.47572616275721202328
356 28.52368819370082064779
357 28.57605249856482032556
358 28.62621116366960904998
359 28.67571441857245417850
360 28.72830152218153898502
361 28.77799946483014537080
362 28.82933177402713909032
363 28.88048428372280795884
364 28.92890688926274833648
365 28.97994417956590496033
366 29.03053009282791663281
367 29.08260884930751899446
368 29.13416150312929175925
369 29.18502856389716271224
370 29.23114666983576626080
371 29.28277249642360402504
372 29.33058533953652613491
373 29.38028238485327392482
374 29.43250698787721830740
375 29.48355667476147345951
376 29.53300197116675462894
377 29.58366896377930288509
378 29.63430737836455364231
379 29.68375592299537402141
380 29.73365076860716271767
381 29.78333199790017715713
382 29.83286853493831358719
383 29.88640821118195844974
384 29.93653705135352538491
385 29.98563975206837994847
386 30.03350561151279407568
387 30.08195472354282173910
388 30.13354452607126177099
389 30.18114247965661434137
390 30.22580366814173657986
391 30.27729347512064350667
392 30.32814654364017314947
393 30.37528583647247160116
394 30.42748403618821839700
395 30.47925866866648902942
396 30.52930735325753630605
397 30.57669191600427893718
398 30.62386278007221562802
399 30.67165501434863017494
400 30.72229765659398026401
401 30.77086109089106003012
402 30.82202966858415038587
403 30.86874162007057975643
404 30.91827028906004670716
405 30.96337104135272966232
406 31.01478635236748004900
407 31.06099941690263221972
408 31.11287851465169751464
409 31.15827971675224716819
410 31.20547470850152649291
411 31.25186365614024452952
412 31.30076281188848952297
413 31.34723748983594759920
414 31.39422128612631013311
415 31.44136634467992053033
416 31.49083738495522766243
417 31.53733840759963413802
418 31.58766291141751025862
419 31.63270504991618281565
420 31.68196627656067221324
421 31.73018414351361116132
422 31.77683617457182663202
423 31.82146983539325901802
424 31.87174565551498517380
425 31.91838186287458256629
426 31.96649864430560228357
427 32.01386524511792686098
428 32.06110081367791053708
429 32.10742304240773137280
430 32.15536310378320195014
431 32.20064224846561273807
432 32.24543910447903272143
433 32.29108484255704070165
434 32.33871304296559401337
435 32.38409663541375493878
436 32.43095075744219002445
437 32.48261813919896212610
438 32.52949516921091799304
439 32.57945074850766786767
440 32.62531899895827791624
441 32.67227273813790588974
442 32.72130421758515694819
443 32.76808583952436038089
444 32.81671726914873943315
445 32.85929594893133298683
446 32.90281259185150020130
447 32.95210506415116924472
448 32.99951961985215120876
449 33.04401585187474665872
450 33.09025102700127263233
451 33.13839334054517848926
452 33.18334729349356848616
453 33.23268488443034129887
454 33.27883178163153843343
455 33.32535159510342737121
456 33.37101834259090082924
457 33.41536102942302477459
458 33.46040035090885567115
459 33.50669373038158482814
460 33.55387606196040906070
461 33.59722190427601162810
462 33.63917481365507455848
463 33.68835446527901922309
464 33.73684294371872738338
465 33.78218352172632421571
466 33.82779647241642351219
467 33.87203603363707316021
468 33.91995858119690865351
469 33.96892540315582209587
470 34.01649625038328395021
471 34.06118402504910136486
472 34.10850434069516268210
473 34.15371272099963562141
474 34.19879348945386254854
475 34.24293817868442602048
476 34.28784797797948158404
477 34.33575515503184760746
478 34.38020338174828793854
479 34.42565801568593997217
480 34.46718126749362909322
481 34.51237694115070553380
482 34.55787589454837416270
483 34.60301803431400458066
484 34.64980435268148539762
485 34.69782808088484671316
486 34.74057048954398396745
487 34.78574036674683611636
488 34.83012775629958923673
489 34.87518173143587318918
490 34.92055039795764059818
491 34.96504716387858024973
492 35.00871326552783102670
493 35.05246709773462043813
494 35.09717858569865711615
495 35.14260986024339672440
496 35.18781148379605383525
497 35.23068413961652822763
498 35.27611122039286328800
499 35.32373457465996580140
500 35.36978450491824332858
501 35.41397303585097233736
502 35.45615229988163719099
503 35.49855144766422654357
504 35.53835090835400478682
505 35.58136616019498887908
506 35.62604017691012359137
507 35.67289084746187199926
508 35.71686668629365613015
509 35.76115437073656266875
510 35.80436940443996718386
511 35.84784461865592675167
512 35.89178818325910924614
513 35.93423756365075405483
514 35.97807916875080991304
515 36.02335960980053641833
516 36.06704751307847800490
517 36.11010108310154009814
518 36.15203331935276764852
519 36.19756037225965883408
520 36.24034520578140927682
521 36.28373397112318343716
522 36.33119483285508977133
523 36.37739142162126881885
524 36.42086360968278313521
525 36.46413122366357129067
526 36.50798655745211362955
527 36.55084934420801801025
528 36.59467501025085311994
529 36.63979182850880533806
530 36.68677183822285314818
531 36.73042439766879851959
532 36.77251450095081963809
533 36.81569292629239953385
534 36.85876787369113571913
535 36.90290245131097890408
536 36.94299818185379535862
537 36.98480242473385715130
538 37.02621928218820812617
539 37.06919083567493089504
540 37.11198338975043498067
541 37.15484579594283331971
542 37.19909532881445102248
543 37.23947802706379661686
544 37.28161217807542016089
545 37.32578467038922553911
546 37.37177886588972341997
547 37.41431136376149879652
548 37.45894055050462156942
549 37.50094304036281300796
550 37.54666499559709791356
551 37.59082021416691077320
552 37.63114395213312945998
553 37.67261234814361614553
554 37.71775945308718291926
555 37.75845774607842031401
556 37.80054390776683703734
557 37.84400769888236482075
558 37.88090899517681009456
559 37.92489602722366726084
560 37.96885623095761275181
561 38.00696750516237898410
562 38.04665495814799669461
563 38.08961135410447695904
564 38.13325263351532612432
565 38.17368664111540965678
566 38.21438871069381093548
567 38.25438243888049782981
568 38.29846351836351914244
569 38.33995465811869962636
570 38.37986138094868238113
571 38.42382170748908265523
572 38.46017171883056562365
573 38.50132548261694864777
574 38.54265184831194801518
575 38.58714613321728847950
576 38.62589195101509176311
577 38.66889695433792439871
578 38.71098782835406382219
579 38.75221007416564589221
580 38.79632447471669820516
581 38.83959877028325990977
582 38.88147855632155369676
583 38.92152723084575427492
584 38.95919398114972409530
585 39.00534219406904412608
586 39.04841637304923551710
587 39.09079702905853537231
588 39.13710359951301143155
589 39.17907085566662317433
590 39.22376309733101606980
591 39.26437951939556114667
592 39.30701193689696992806
593 39.34949256332697586913
594 39.39191811201033033285
595 39.42897313523815228109
596 39.47189989749801952712
597 39.51277718787548565160
598 39.55379579199166073522
599 39.59608977484606384678
600 39.63729477543915891147
601 39.67878823164437562809
602 39.71974011385896119464
603 39.75875220250429720181
604 39.79916047875303775072
605 39.83907470789199578576
606 39.87876411161380474368
607 39.92268682974020066467
608 39.96272627266148447234
609 40.00330588774079387804
610 40.04802678876262689300
611 40.09042269580731954193
612 40.13087733699967429857
613 40.17225594648834885447
614 40.21275191495715262135
615 40.25507804065364325652
616 40.29501877549932942202
617 40.33325338416068461811
618 40.37371396998923955834
619 40.41285004386315904412
620 40.45539273288864023925
621 40.49681696300638122921
622 40.54000710790410266782
623 40.57933953616827693622
624 40.61962519618077749328
625 40.65947162537224812695
626 40.70026911859918072878
627 40.74101058003566322441
628 40.78115056129547610908
629 40.81999692348904318351
630 40.86252531005936816655
631 40.90382917631268355763
632 40.94406412715761689469
633 40.98492360133434431191
634 41.02322161877339112834
635 41.06212949141865919955
636 41.10150254460643282073
637 41.13745113412619502924
638 41.18252415898814433604
639 41.22175068287003796286
640 41.26145637891295336885
641 41.30227827956366581930
642 41.34391466742806642287
643 41.38763364226736030105
644 41.42787036318748050689
645 41.46432534902851330116
646 41.50934494001865004975
647 41.55165987596365084755
648 41.59580560307392715913
649 41.63387067441703948134
650 41.67421027521356791112
651 41.71808702663668100286
652 41.75853116792700348014
653 41.80054509279091234930
654 41.83904715869903156999
655 41.87538822034798613458
656 41.91353794218230177648
657 41.95048223491539829411
658 41.98980464635178577737
659 42.02561620369419870258
660 42.06304680143387031421
661 42.10667977002492534666
662 42.14426628787589379499
663 42.18674410044093292527
664 42.22307491608637519676
665 42.26545290241131169751
666 42.30511509412008308573
667 42.34319002761117189948
668 42.38549975878527220630
669 42.42236998548628434946
670 42.46063205107918747672
671 42.49600851849311311526
672 42.53763734380822825187
673 42.58040829809181104793
674 42.62360230669798966119
675 42.66327999803070269991
676 42.69931869139702484972
677 42.73518019924995314796
678 42.77085190500395128765
679 42.81024787705598555476
680 42.84951089681169378309
681 42.88960393667844073207
682 42.92866982305679357523
683 42.96468255547824810492
684 43.00074692301461709576
685 43.03953292422852427990
686 43.08148488669098696846
687 43.11654728127246016811
688 43.15461852395912956126
689 43.19657868134493128309
690 43.23793081708799945773
691 43.27727801900903159549
692 43.31591513325724918104
693 43.35482371906107346149
694 43.39159575553969716566
695 43.43214969689051940804
696 43.47307108747861548181
697 43.51186729658991225733
698 43.55238985835887888243
699 43.59538189244017303281
700 43.63425498054118634172
701 43.67436051662127738382
702 43.71359971890376527881
703 43.75625122505073250068
704 43.79020996352619476966
705 43.82671182815010979539
706 43.86310319339804664196
707 43.89862436631960918021
708 43.93592359108367872977
709 43.96985302333098388772
710 44.00796949971663707402
711 44.04709339827422809321
712 44.08452442428210815706
713 44.12471357799563520530
714 44.16810642719258339639
715 44.20613463478662197303
716 44.24610718313067536656
717 44.28290230107836578100
718 44.32229596896740986267
719 44.36545778616005009098
720 44.40161259654007608333
721 44.44284348340784163156
722 44.47699290511548042559
723 44.51463319093738846277
724 44.55302420604812141391
725 44.59118629290878743632
726 44.63205154745662639471
727 44.67296496397375449305
728 44.70936527593369191891
729 44.74367718012933892169
730 44.77847663361717422958
731 44.82251699792709587200
732 44.86070789797167890356
733 44.89440434899734100327
734 44.93094313258632155339
735 44.96738341395177940285
736 45.00179339160990821256
737 45.03986712564437766559
738 45.07920462428364771768
739 45.11789408279946655966
740 45.15349713877651538496
741 45.19035985397727017698
742 45.22807690856654971867
743 45.26672077817511308240
744 45.30324539516902859759
745 45.34079246778412652930
746 45.37756894017059039470
747 45.41760800595659475221
748 45.45089958130847662687
749 45.48876143398763360892
750 45.52782934106699030963
751 45.56433823270822358609
752 45.60164193359298678843
753 45.64014610667720717174
754 45.68029288754439676268
755 45.71754896998288586474
756 45.75826897827755601611
757 45.79428767388810683769
758 45.82660836159618611418
759 45.86363311590480407176
760 45.90119076266751108051
761 45.94161245797170067817
762 45.97866311354300705716
763 46.01701259842946001299
764 46.05276808306746261223
765 46.09340535704234298464
766 46.13452465297154958535
767 46.17081466605725381669
768 46.20635465010229836480
769 46.24785628872621146002
770 46.28410141958386248007
771 46.31935917528414847766
772 46.35957339955587031000
773 46.39364553284121939214
774 46.43292536220451438567
775 46.47039175696045276709
776 46.50179771338048340112
777 46.53528907067914133222
778 46.57308000312718831992
779 46.61075805013922490616
780 46.64936870756275766325
781 46.68765155287690049590
782 46.72356786575471687684
783 46.76141355667357402126
784 46.79866461183053161221
785 46.83711123823115940468
786 46.87414007649022096302
787 46.91419986623157001304
788 46.94911437244434182503
789 46.98628905469581695797
790 47.02164946745006091078
791 47.05758826817066164949
792 47.09563029723699401075
793 47.13293305976014835323
794 47.17325525677244968392
795 47.20986638806766677590
796 47.24929974980386759853
797 47.28634109283382258582
798 47.32549402521613046702
799 47.36187851930480974261
800 47.39952577646067766182
801 47.43717648114659368730
802 47.47569542127644126595
803 47.51219123359828699904
804 47.54794925490273271862
805 47.58084355803293874487
806 47.61492300110296582716
807 47.64855112940449544112
808 47.68607513177676082705
809 47.71937331335482213035
810 47.75447585130700645095
811 47.78804035799021221464
812 47.82651420275055897946
813 47.86348438920231274096
814 47.89516396548003740463
815 47.93065837638266657450
816 47.97335294194544985658
817 48.00904740918383595272
818 48.04389085780655932467
819 48.08006804652347909723
820 48.11687566761327161657
821 48.15577148508543814387
822 48.19248740751459081366
823 48.22518115003629191051
824 48.26041773631266096345
825 48.29562226491657384031
826 48.33076821196959826921
827 48.36363910585248504503
828 48.40204052395938560949
829 48.43472315218332369113
830 48.46966764665774007881
831 48.50903654606167947350
832 48.54864717656744232954
833 48.58075020513672370726
834 48.61428493730466016132
835 48.65276811465105311072
836 48.68572037745798297692
837 48.72042738922004900814
838 48.75551118781356763066
839 48.79017457978841321165
840 48.82727149697166169062
841 48.86365197000714033493
842 48.89445996934966842673
843 48.93178699036616308149
844 48.96741005808235058794
845 49.00484476563894986612
846 49.03943099787386472599
847 49.07386596532444400509
848 49.10994287282471759681
849 49.14551052291619726020
850 49.17954316744828702213
851 49.21466229348675369693
852 49.24857934580666096736
853 49.28322836015297525591
854 49.31866087380046792532
855 49.35157473984736498096
856 49.38852329419046327530
857 49.42560263403720455244
858 49.46309342446227219625
859 49.49702370385841732059
860 49.52913398112377763027
861 49.56585264403190649318
862 49.59821429379155688366
863 49.63223495465808809968
864 49.67020164789164482499
865 49.71096393798427470756
866 49.74793592014623300201
867 49.78972700417330088385
868 49.82201782674746937118
869 49.86000397185227939190
870 49.89933372866551053448
871 49.93712557506614757585
872 49.97017412915329259704
873 50.00189403987349123781
874 50.03769611512223036698
875 50.07173838515450370323
876 50.10710473462711433967
877 50.14484404620554869325
878 50.17945597193602225161
879 50.21502213858741470176
880 50.24890700581454439089
881 50.28734073003715820960
882 50.32171111080606351607
883 50.35926638538876431994
884 50.39333958636643728823
885 50.42704606729034821910
886 50.45793974623200028873
887 50.49146680714000012813
888 50.52857089702399662201
889 50.56660275311242003227
890 50.59951107669348857598
891 50.63672370336860240059
892 50.67444899879149033950
893 50.70907001315788420470
894 50.73783289536004303955
895 50.77512993892878512270
896 50.80943916133708171401
897 50.84377435116675769677
898 50.87713876038117177814
899 50.91228038042902426241
900 50.95208996222572750412
901 50.98415442414056997222
902 51.01511329698087138240
903 51.04947292334725261753
904 51.08821010892029335082
905 51.12297110650422382605
906 51.15512409403129368002
907 51.18864295079652038112
908 51.22360738863619644690
909 51.25598414791738832719
910 51.29315569582365696988
911 51.32954958538459777628
912 51.36279477840037088754
913 51.39768143826120194717
914 51.43242734650061720458
915 51.46825038219276393647
916 51.50437540667837765795
917 51.53889312854539639375
918 51.57041517120705975685
919 51.60401893426910646667
920 51.64062922275547862228
921 51.67163453971249964525
922 51.70283538529395173100
923 51.73985640883154246694
924 51.77224829258159388701
925 51.80532010267336318066
926 51.84384733022693581006
927 51.88052246971551539900
928 51.91902207485213693872
929 51.95640448173105596652
930 51.98892644368061155546
931 52.02163760998746511177
932 52.05490160561157608754
933 52.09040202764526839019
934 52.12773503153573528834
935 52.15894832688275073451
936 52.19460632640937092219
937 52.22728108537296520808
938 52.26062603008324458642
939 52.29185309381023216702
940 52.32622553805060761078
941 52.36227704540294780600
942 52.39830186152516944276
943 52.43437370069273129047
944 52.46607643184904645750
945 52.49951617467513642623
946 52.53370985407980242599
947 52.56503804701446824765
948 52.59529006529442085593
949 52.62941776732429843833
950 52.66435666202949050785
951 52.70110158874990702316
952 52.73399839792750753986
953 52.76580261206174782274
954 52.80081246119175375497
955 52.83345966648687408451
956 52.86898157711527801439
957 52.90307634027828953549
958 52.94006079329074054840
959 52.97834556706902731094
960 53.01241581643409972457
961 53.05037260379106101027
962 53.08213610924758540932
963 53.11875872990015068353
964 53.14893340367302698724
965 53.18229841315599060181
966 53.22026615819493144954
967 53.25485822801624635758
968 53.28671368974971755961
969 53.31736600919248303398
970 53.34977158136734942673
971 53.37993521688554210414
972 53.41437713090022043616
973 53.44757213572574983118
974 53.48417467171202588361
975 53.51947067922378664662
976 53.55346631839051951829
977 53.58710081997037377732
978 53.62420698413529862592
979 53.65353249322561168810
980 53.69013472657911734132
981 53.72677923710625691456
982 53.75721018778676807415
983 53.78933811308570511756
984 53.82541494292377137754
985 53.85828080655232952267
986 53.89030998203679700964
987 53.92382553194374850136
988 53.95291054443441680633
989 53.98694803991975277313
990 54.02268577601284960110
991 54.05672208085843521985
992 54.08987870014448162692
993 54.12779847078581951791
994 54.16021156190913643513
995 54.19145019939742269344
996 54.22263255797452075058
997 54.25822153297690420004
998 54.29258244705874858482
999 54.32839549668324252707
1000 54.35952693122112577839
1001 54.39066746678668096138
1002 54.42500112338802864542
1003 54.45711534073029724823
1004 54.49002111614572640974
1005 54.52057113090586426551
1006 54.55791876322541611444
1007 54.59279661073878742172
1008 54.62449722972633026075
1009 54.65927546668444847455
1010 54.68967974491692984884
1011 54.72217527134148440382
1012 54.75519490043257064826
1013 54.79008559085059459903
1014 54.82459644413847854594
1015 54.85769201863786292961
1016 54.88960889926443087461
1017 54.92275618912321988319
1018 54.95415241448904453136
1019 54.98775329999602945463
1020 55.02273470850332159898
1021 55.05330084044385330344
1022 55.08963520990937468014
1023 55.12366162627176890965
1024 55.15709933747916693392
1025 55.19251796569847101637
1026 55.22537380545941232413
1027 55.25806807620188010333
1028 55.29496642373464965203
1029 55.32807029685591260204
1030 55.36300759654454850534
1031 55.39485975212892299169
1032 55.42944943132943080855
1033 55.46377932244058683864
1034 55.49681212405630503781
1035 55.52379854973423789488
1036 55.55893068261730149970
1037 55.59337470840114292514
1038 55.62577761752481819713
1039 55.65774535908008147089
1040 55.69080821925444979570
1041 55.72278489076393270807
1042 55.75649817818793962942
1043 55.79090388493636964995
1044 55.82422744594941832474
1045 55.85247705214010238706
1046 55.88377028723289186019
1047 55.91678155524073190463
1048 55.94727569575070447172
1049 55.97822652067520721175
1050 56.01244436866068099334
1051 56.04293971564288767695
1052 56.07505639152623189148
1053 56.10482498864780609438
1054 56.14124663269990378467
1055 56.17381974914042075397
1056 56.21212097761463155621
1057 56.24035604964547019335
1058 56.27089151608061001753
1059 56.30727422874679177767
1060 56.33994557545429415768
1061 56.37379325269762375683
1062 56.40444911239114844648
1063 56.43862261320646211971
1064 56.46552806314230110729
1065 56.49718211816434632055
1066 56.53169873201159134624
1067 56.56326169796875547036
1068 56.59724956968307196803
1069 56.63218727784942529979
1070 56.66452759492381119344
1071 56.69605735363666099147
1072 56.72725578035124271992
1073 56.76260788439230964286
1074 56.79630538319020160998
1075 56.82705595605784765212
1076 56.86188258589413635491
1077 56.89469116890427358157
1078 56.92643006669936767139
1079 56.95320148725932085654
1080 56.98792904614288090670
1081 57.01577900129905174254
1082 57.05241217363072792068
1083 57.08196772266592233791
1084 57.11636277300522124278
1085 57.14735715397978310648
1086 57.17930651587857937557
1087 57.21173461470971233211
1088 57.24170625813667356852
1089 57.27607027034218845074
1090 57.31263310714439285221
1091 57.34096669976815974223
1092 57.37586204573040049581
1093 57.40894325494173244806
1094 57.43930688915156679286
1095 57.46854690787063191237
1096 57.49944137373381636280
1097 57.53171349092440323147
1098 57.56711716770269049448
1099 57.59848849909121781820
1100 57.63012018335257380386
1101 57.65886682011978336959
1102 57.69460239061049833253
1103 57.72238535187534580473
1104 57.75461520690259931143
1105 57.78531394702849866007
1106 57.81924878040899784537
1107 57.85049049190547520993
1108 57.88380924657508330711
1109 57.90921389970503696532
1110 57.93805176480077534507
1111 57.96948329185238435457
1112 58.00118159945782281284
1113 58.03366049478813692986
1114 58.06626313652554927103
1115 58.10226051658560209034
1116 58.13786793304416278261
1117 58.17320571368509263266
1118 58.20387317679455918551
1119 58.23702394650354108308
1120 58.27059521892670090892
1121 58.30197459788860214758
1122 58.33239759097159549128
1123 58.36091936445131977962
1124 58.39401498214601815562
1125 58.42711196791310612753
1126 58.46131895494522723311
1127 58.49603320248911586532
1128 58.52833881655760706053
1129 58.56292733647114800988
1130 58.59484821756450401153
1131 58.62596678429008534295
1132 58.65806033020749055140
1133 58.68652125964058541285
1134 58.71449906854468281381
1135 58.74794522154547848913
1136 58.77626034223953865876
1137 58.80954444270332714950
1138 58.83550887703677290119
1139 58.87189826650933355268
1140 58.89927878659341331513
1141 58.93289658847606915515
1142 58.96461040407916698314
1143 58.99419198720943313674
1144 59.02065830323772388510
1145 59.05325566410169813025
1146 59.08833168894420850847
1147 59.12447238162167195696
1148 59.15724629471196749364
1149 59.18868880072818683402
1150 59.21968293789791459858
1151 59.24657497188991328585
1152 59.27522874509236316953
1153 59.30437511837294550787
1154 59.33491715089007811912
1155 59.36673223322441117489
1156 59.39489188415495846129
1157 59.42908673303804789612
1158 59.45943455175961389614
1159 59.49137811315540602664
1160 59.52333965232537593693
1161 59.55559614806975332613
1162 59.59107055295567079156
1163 59.62330778208661286044
1164 59.65641745640459703282
1165 59.68907374948071264953
1166 59.71965813679548773507
1167 59.74845835593441734090
1168 59.77647963346794313111
1169 59.81165516733722142817
1170 59.83944024964716845716
1171 59.86938889962289067626
1172 59.90335319685846116045
1173 59.93157226052949226869
1174 59.95925014850217849016
1175 59.99250748816780287598
1176 60.02446329357530885318
1177 60.05572118512941415247
1178 60.08514548940229360596
1179 60.11366174745262469514
1180 60.14198971993982922868
1181 60.17310242960320465500
1182 60.20597709208459491492
1183 60.23770315016145104892
1184 60.26810365688675119600
1185 60.30153665312559496670
1186 60.32952718810815895267
1187 60.36043157167682693398
1188 60.39299786387664426002
1189 60.42648824291541131970
1190 60.45836639066533280129
1191 60.49162367389271821594
1192 60.52442561499105977418
1193 60.55393614748754771426
1194 60.58512613563357263047
1195 60.61809493968303286238
1196 60.65078080058469822688
1197 60.68433932229413585446
1198 60.71282809325180096494
1199 60.74563417197487069643
1200 60.77903415231276085251
1201 60.81116699121116653259
1202 60.83907206441972448374
1203 60.87259786256777260860
1204 60.90093514380032502231
1205 60.92889243129161513934
1206 60.96277839711410706514
1207 60.99586379050424511661
1208 61.02628921796235772490
1209 61.05750215108378142759
1210 61.08537420033121634333
1211 61.11593418241795916401
1212 61.14466659040249396639
1213 61.17668075625533674611
1214 61.21097535367130149098
1215 61.23937891314017178956
1216 61.26785009039122087415
1217 61.29565578674555581529
1218 61.32997665835046063876
1219 61.36409581115776745719
1220 61.39086295835045348213
1221 61.41840517063678817067
1222 61.44937702792731215595
1223 61.48320353945791794104
1224 61.51562650361688611156
1225 61.54858499307079000573
1226 61.57545927643786853878
1227 61.60737470838421359076
1228 61.63489851399640429008
1229 61.66681826350804840331
1230 61.70054133687881403603
1231 61.73057160950861543824
1232 61.75829542836936525418
1233 61.78940528836437806603
1234 61.82365362921473206370
1235 61.85503358308915267116
1236 61.88328909932624810608
1237 61.91324518332316984015
1238 61.94128257926786318421
1239 61.96990101950700591260
1240 62.00003514062814247154
1241 62.03479194986493894248
1242 62.06874985148783707700
1243 62.09661818792665144429
1244 62.12634620910921512404
1245 62.15664425510817636678
1246 62.18371487483091186732
1247 62.21364842228013003478
1248 62.24629911957322292437
1249 62.27604314057475676236
1250 62.30642515254430691130
1251 62.33867991531019470131
1252 62.36882120254335859499
1253 62.39808249705902198912
1254 62.43034746395369438687
1255 62.45892844336549387663
1256 62.48991256737394905940
1257 62.52234104626086264034
1258 62.55578934696131909732
1259 62.58846800862283998867
1260 62.61858437994305859320
1261 62.64586039739197076415
1262 62.67669679029927465308
1263 62.70745941361246877932
1264 62.73555423775314920931
1265 62.76856339330856826564
1266 62.79807929212029193877
1267 62.82555316906746156747
1268 62.85280977684624303947
1269 62.88112472233433436486
1270 62.91269675153262141976
1271 62.94585551618092722492
1272 62.97696195061666912807
1273 63.00720812982149254822
1274 63.03787127554005564889
1275 63.06631524591125526058
1276 63.09661006609826472413
1277 63.12950626671067766438
1278 63.15815792290277386201
1279 63.19008710415346286027
1280 63.21774089402333629550
1281 63.24548489100402548502
1282 63.27808992137715904391
1283 63.30579267230405093869
1284 63.33245344684496558330
1285 63.36144075516494922340
1286 63.39448081593991446425
1287 63.42446699934384923836
1288 63.45762073195396624214
1289 63.48013173168897083087
1290 63.50583997926264601119
1291 63.53783664940692688106
1292 63.56898127320346247870
1293 63.59926178947284824972
1294 63.62495706560412145336
1295 63.65463393130858094082
1296 63.68453063193283014698
1297 63.71680366377495374763
1298 63.74555796106528759992
1299 63.77790243733693387185
1300 63.80734273216398833029
1301 63.83798773465446174669
1302 63.86777591332815973146
1303 63.90099402973419273621
1304 63.93187295996040120372
1305 63.96277444489737717959
1306 63.99388004702564103354
1307 64.01883251565732280142
1308 64.04933453238027141197
1309 64.07735695571409451077
1310 64.10589763274219876621
1311 64.13639843711530375003
1312 64.16432098685163509799
1313 64.19186655084467929555
1314 64.22326957274117376073
1315 64.25965185086761266575
1316 64.28853260399910141132
1317 64.31550336967984549119
1318 64.34370458441276241501
1319 64.37234321128312330984
1320 64.40077883722892693186
1321 64.43096843802231887821
1322 64.46250389777856071305
1323 64.49541667827111268707
1324 64.52470683191677380819
1325 64.55576539943740499439
1326 64.58262530318461358547
1327 64.61443455526887191809
1328 64.63686884839785307122
1329 64.66478628130107608740
1330 64.69352732473407741054
1331 64.72623246098328309017
1332 64.75651087115397785965
1333 64.78306778541332278110
1334 64.81337498126663376752
1335 64.84292346342954260763
1336 64.87183696192414572579
1337 64.90067540460290729243
1338 64.93173707639289204963
1339 64.96207648540439549834
1340 64.99207166173891891958
1341 65.02391407809000156703
1342 65.05502456265912769595
1343 65.08822994042998288933
1344 65.11659804893793079827
1345 65.15085288565137489059
1346 65.17852687499589592335
1347 65.20838961633216968039
1348 65.23699564859384736337
1349 65.26570662549988810497
1350 65.29572763509463584342
1351 65.32613722231462816126
1352 65.35034946281189149886
1353 65.38401720947990725108
1354 65.41897105520251898270
1355 65.44575225676067020686
1356 65.47404440997388519463
1357 65.50204994911655376200
1358 65.53443076939083766774
1359 65.56125818148098005622
1360 65.59049999097283034644
1361 65.61982663448088715086
1362 65.64976999855161921005
1363 65.67725612513163468975
1364 65.70762770622422976885
1365 65.73543051073261267447
1366 65.76288455433632407221
1367 65.79187120658389176242
1368 65.81718305187905571074
1369 65.84506801634756811836
1370 65.87598714005775946134
1371 65.90681190536383837753
1372 65.93436790832970473275
1373 65.96667459293166757561
1374 65.99622488178420098848
1375 66.02788498754375723365
1376 66.05689003681209214847
1377 66.08614412273777816154
1378 66.11419697057090161252
1379 66.14477965915307322575
1380 66.17605284502519680245
1381 66.20331564465573137568
1382 66.22828201135416748002
1383 66.25832666787005109654
1384 66.28035214769738558971
1385 66.31272080776898292243
1386 66.34179449939119876944
1387 66.37050489247553741734
1388 66.40404719434786784404
1389 66.43448963429250397894
1390 66.46332551111572684022
1391 66.48930431258304452058
1392 66.50923074906336296408
1393 66.53733738540927333815
1394 66.56775658289802777290
1395 66.59238921376891084947
1396 66.62618126444158406230
1397 66.65132031910707155475
1398 66.68605603259925374005
1399 66.70991461111452736077
1400 66.74072693429275204835
1401 66.76810218472382985055
1402 66.80524122938413711381
1403 66.83458283078448403103
1404 66.86228135263081640005
1405 66.89135413134204100061
1406 66.92216647062559786718
1407 66.94976152862773233210
1408 66.97985033348413708154
1409 67.01096717115387946251
1410 67.04115091640824175556
1411 67.07076558685912459623
1412 67.09764775872349673591
1413 67.12829850405137221969
1414 67.15568696814602844825
1415 67.17928572760729366564
1416 67.20565282847564958502
1417 67.23391802291394014901
1418 67.26089396095449046697
1419 67.28686337250383076025
1420 67.31689818878498954291
1421 67.34675295483589252399
1422 67.37420680307332077064
1423 67.40780358225219970336
1424 67.43681979022380801325
1425 67.46778226231890585041
1426 67.49916987009146396304
1427 67.52872253643772637588
1428 67.55395218506896526378
1429 67.58406235476650181226
1430 67.61402786665507846919
1431 67.64326681364627802395
1432 67.66990538440791169705
1433 67.69623820897413679631
1434 67.72658508339031868672
1435 67.75350560795254750701
1436 67.77935415426327381283
1437 67.80889157366914332670
1438 67.84034240526034409413
1439 67.87491620353034704749
1440 67.90503684468990286405
1441 67.93184565542696873308
1442 67.96141308433379890630
1443 67.99133485327752168814
1444 68.01763811704563522653
1445 68.04630203363421969698
1446 68.07607543118569992657
1447 68.10603616414414318569
1448 68.13420512288030295167
1449 68.16509522223805106478
1450 68.19419933094150110264
1451 68.22296614234187472903
1452 68.25058140239184467646
1453 68.28417590123535774183
1454 68.31080223595199640840
1455 68.34113202955018095963
1456 68.36872196757553865609
1457 68.39740880776457743195
1458 68.42326613436557636305
1459 68.45290268380153975158
1460 68.47761664043378004862
1461 68.50429136398133778130
1462 68.53237968675580304989
1463 68.55987109253283051657
1464 68.58916273403747254633
1465 68.61800791412815669901
1466 68.64940272010881017195
1467 68.67492455311958110542
1468 68.70111454164589304128
1469 68.73260709044598115725
1470 68.75724686356647907814
1471 68.79060764778500924876
1472 68.81921148385117703583
1473 68.85155406131775635004
1474 68.87928426720941388339
1475 68.90716590199758684321
1476 68.93317601847820697003
1477 68.96159429656563588651
1478 68.99003854284660519625
1479 69.01571588667502510361
1480 69.04293456850700749783
1481 69.07061155768246862863
1482 69.09719772826451844594
1483 69.12332641764214713476
1484 69.15111639890437800204
1485 69.17581951406759799283
1486 69.20469242407466481382
1487 69.23255733546966439462
1488 69.25663792905402260658
1489 69.28675540839935820259
1490 69.31583237895210913848
1491 69.34320391404367001087
1492 69.37040014354533923324
1493 69.40152052641246882558
1494 69.43364819723387881822
1495 69.46564146478795009898
1496 69.49462583490640099626
1497 69.51935620577933150344
1498 69.55284344473352575733
1499 69.57978251949771220097
1500 69.61026978698396305845
1501 69.63264541521652972733
1502 69.65524653445754665881
1503 69.68274157205155461270
1504 69.71042630308761545166
1505 69.74432496523741065175
1506 69.77373381886332026625
1507 69.79767140511353318288
1508 69.82457720802335643384
1509 69.85166918510117284313
1510 69.88346135549454629654
1511 69.91157009088851737033
1512 69.93897320948894957837
1513 69.97304834750684676692
1514 70.00542079982346876932
1515 70.03262192805800623319
1516 70.05785843748503793904
1517 70.08977268380613168119
1518 70.11764921748113010835
1519 70.14309942147588117223
1520 70.17046517911398950673
1521 70.19863786341284139780
1522 70.22612620944823902391
1523 70.25256465899360591720
1524 70.28395805554055186803
1525 70.30822538020925094315
1526 70.33092707569744561624
1527 70.36164055486574397946
1528 70.38951369641631572449
1529 70.41878387575457054481
1530 70.44697874825010330824
1531 70.47289043047180712165
1532 70.50270438400957573322
1533 70.53175678217462518660
1534 70.55619436742449579469
1535 70.58253117799426945567
1536 70.60802954089194827247
1537 70.63429769408389802265
1538 70.66022999939491455734
1539 70.68894029853549909603
1540 70.71560580616687730071
1541 70.74185190872276507434
1542 70.76984878778489473916
1543 70.79777192964297682920
1544 70.82712572915124837891
1545 70.85473351244536388549
1546 70.88326806580266747915
1547 70.91388127327218171558
1548 70.94443219102731745807
1549 70.97247162381586349511
1550 71.00240150214790446626
1551 71.03540905331738031236
1552 71.06009680792976723751
1553 71.08622046493974266923
1554 71.11586196142206972581
1555 71.14510303246743205818
1556 71.17335614115518183098
1557 71.20090150260602968046
1558 71.22886962171492086782
1559 71.25463419227935446543
1560 71.28504920915702314232
1561 71.31727074069135596801
1562 71.34484619699583163310
1563 71.37059696422647903091
1564 71.39740990574432544236
1565 71.42628721674327607616
1566 71.45409464520275832911
1567 71.47878092129735705385
1568 71.50442685838720535685
1569 71.53074572162995536928
1570 71.55680778844453016063
1571 71.58189247252607856353
1572 71.60769418244763073744
1573 71.63928441788652889954
1574 71.67384962100140910479
1575 71.70030176151203704649
1576 71.72495125675186500303
1577 71.75369882550648981123
1578 71.77830268957222870085
1579 71.80417160259139564005
1580 71.83088888574684460764
1581 71.85893006495484769403
1582 71.88801080381517749629
1583 71.91290208899840763479
1584 71.94239418499728344614
1585 71.96734576576204744924
1586 71.99501727809320072993
1587 72.02191502429309366562
1588 72.04894825837345706532
1589 72.08192991750183864497
1590 72.10921514555479916453
1591 72.13685291931619758543
1592 72.16595490617783070775
1593 72.19252518720122679952
1594 72.21635474282606992347
1595 72.24572629737849638332
1596 72.27507737241353424906
1597 72.29832773010753044218
1598 72.32519411365842643136
1599 72.35235471173996302241
1600 72.38018699922440646333
1601 72.40821232220218917064
1602 72.43913080007905591629
1603 72.46831292246406519553
1604 72.49488288741713404306
1605 72.52288792647300397221
1606 72.54984363987955475750
1607 72.57347137517399460194
1608 72.59587477866307381191
1609 72.62382657824332454766
1610 72.65259413527701326529
1611 72.67883199574112040864
1612 72.70883247178198871552
1613 72.73484843998176074820
1614 72.76184891601292292762
1615 72.79808377100243887980
1616 72.82262170834292192012
1617 72.84998694560954390909
1618 72.87715459910737081373
1619 72.90745474635878053959
1620 72.93265090131444594590
1621 72.95744661541266395943
1622 72.98396127960290868941
1623 73.01163156666257236793
1624 73.04052574076854398299
1625 73.06916890582533596898
1626 73.09905939947134356771
1627 73.12599171673286946316
1628 73.15415472648714967363
1629 73.17965897064573255193
1630 73.20703655457737113466
1631 73.22955300311514292844
1632 73.25733068713748252776
1633 73.28001295737635700789
1634 73.30680848788006187533
1635 73.33451660384616843658
1636 73.36394984580488198844
1637 73.39014763732348001213
1638 73.41768089820948262059
1639 73.44548287890984283877
1640 73.47228629787969111931
1641 73.50265152677161495376
1642 73.52835307177451795724
1643 73.55563321541399091075
1644 73.58233040439131400490
1645 73.60188586314234271413
1646 73.63115559396123899205
1647 73.65672472680671489798
1648 73.67775425838090086472
1649 73.70640483116608265846
1650 73.73246371762434137054
1651 73.75812774896326118323
1652 73.78749027590788500675
1653 73.81302759793129553145
1654 73.84212574967659747927
1655 73.87201122949682030594
1656 73.89537818876692654158
1657 73.91890516189914706047
1658 73.94119506293441190792
1659 73.97325737161099823425
1660 74.00333965975687533501
1661 74.03147669706640954246
1662 74.05513202223596636031
1663 74.07581642084778650315
1664 74.10277688970995768614
1665 74.12920241225356221548
1666 74.15291058872139728919
1667 74.17822639694782083097
1668 74.20987496099519376003
1669 74.23469313557461646269
1670 74.26330685124389674456
1671 74.29034551457743873470
1672 74.31851953813657019055
1673 74.34800018100327179127
1674 74.37551274873385409592
1675 74.40100739667195739457
1676 74.42835664004292084428
1677 74.45280029474406546797
1678 74.48192720818224188406
1679 74.50728793232087809884
1680 74.53986770083656665520
1681 74.56850331139457921381
1682 74.59375694337427376013
1683 74.62404500029265363992
1684 74.64896749480658399989
1685 74.67638575208729889710
1686 74.70323736117029511661
1687 74.73020107165598346910
1688 74.75681669591517675144
1689 74.78589232393142083311
1690 74.81398192672872937692
1691 74.84063775843037547020
1692 74.86500565226401704422
1693 74.89640626678578883002
1694 74.92331198373676670599
1695 74.95198800461457722122
1696 74.97851783541523218446
1697 75.00799715457151251030
1698 75.03335127403147453151
1699 75.05948578681727667572
1700 75.08614844745761729428
1701 75.12111604497681582870
1702 75.14842585359201621031
1703 75.17439403041544210282
1704 75.20335881015080303769
1705 75.22832173932192745269
1706 75.25069432688292181410
1707 75.28002979296275043453
1708 75.30374664076043700334
1709 75.33211690587813791353
1710 75.36242107310863502789
1711 75.38653708882225146226
1712 75.41624753722840068804
1713 75.44100041420665547776
1714 75.46704400905332477123
1715 75.49250845236406348704
1716 75.51939476113921045908
1717 75.54656074283525413193
1718 75.57257003522499871906
1719 75.59431063783267745748
1720 75.62189563390074908966
1721 75.65149750981072429568
1722 75.67725477053522809001
1723 75.70461810433880600613
1724 75.73358402914800535655
1725 75.75954868349140269856
1726 75.78316878165628622810
1727 75.80836051576079626102
1728 75.83503858228186800261
1729 75.86139125618660727923
1730 75.88563604638261494983
1731 75.91080678883963628323
1732 75.93652049133720538521
1733 75.95906513084514699585
1734 75.98562578579321780126
1735 76.01239086249461252009
1736 76.03788060062561271479
1737 76.06768490146282601927
1738 76.09325274181969689380
1739 76.12050596432300153538
1740 76.14352182629386334156
1741 76.16914468464847232099
1742 76.19315799865307781147
1743 76.21721457463559090684
1744 76.24319351787153209443
1745 76.27015193181910035491
1746 76.29573811402974570228
1747 76.32173106239656590333
1748 76.34937010401108636870
1749 76.37603857021758813062
1750 76.40316142348592620692
1751 76.43220097727157735790
1752 76.46041742079819414357
1753 76.48943626137611317972
1754 76.51411855917808679806
1755 76.54485192720903796726
1756 76.56730542888567470072
1757 76.59387475159064706531
1758 76.62032759049111518834
1759 76.64247273487626443966
1760 76.66897385401261999505
1761 76.69710391642956892611
1762 76.72395718425741506508
1763 76.74928253210100592696
1764 76.77796937048674408288
1765 76.80651943401676362555
1766 76.83471879430589979165
1767 76.86454634434653598873
1768 76.88559911628340159950
1769 76.91377510820166207850
1770 76.94424706275253811327
1771 76.96994899484593588568
1772 77.00041735965578482137
1773 77.02584980775873191305
1774 77.05198888307381821505
1775 77.07978210455394219025
1776 77.10311374662865091523
1777 77.12735387230304695549
1778 77.15535868709594069514
1779 77.18241277826541590912
1780 77.20630785645903415571
1781 77.22987788441514567239
1782 77.25635903626789513510
1783 77.28294976190022680385
1784 77.30971853911410107685
1785 77.33729242153140148730
1786 77.36529092586397382547
1787 77.38663488450924887729
1788 77.41273043688238431059
1789 77.44062260246846562950
1790 77.46681580647805276385
1791 77.49179668640908857924
1792 77.51635037548226137005
1793 77.53975794364009743731
1794 77.56434208946484432090
1795 77.59039352830654934223
1796 77.62063011409077262215
1797 77.64337215899513466866
1798 77.66486033713226788677
1799 77.68948568947712374211
1800 77.71678909913680399768
1801 77.74438072840166569222
1802 77.77178907468442048412
1803 77.79444957474947841547
1804 77.81374611366345561692
1805 77.83598335912961374561
1806 77.86179316198854394315
1807 77.88699057738494957448
1808 77.91215675284729513805
1809 77.93116625962034049735
1810 77.95777763523483372410
1811 77.98297929248133186775
1812 78.01205434670873728464
1813 78.03724263005528882786
1814 78.06453246911655696749
1815 78.08528512642783425690
1816 78.11342502529419107304
1817 78.14108021618608290737
1818 78.16783371730298313196
1819 78.19002585866246590740
1820 78.21825161945844229194
1821 78.24779309425730389194
1822 78.27601647002916251950
1823 78.30479099966123612830
1824 78.32483928762940195156
1825 78.35411518062892355374
1826 78.37837844976684209541
1827 78.40371409200474772661
1828 78.43142059615092875902
1829 78.45714827756432896422
1830 78.48171288465118777822
1831 78.50550639354969462147
1832 78.53290039113812781579
1833 78.56226630998867221933
1834 78.59144672668730891019
1835 78.61573531131784875470
1836 78.64152837943993290537
1837 78.66689561153611975897
1838 78.69762451639508071821
1839 78.72525141279561466945
1840 78.74904617192032674211
1841 78.77749999471234332304
1842 78.80369617360111078597
1843 78.83062635761098135845
1844 78.85982926905171552789
1845 78.88659024931803287473
1846 78.91578441799993015593
1847 78.94408757327050807362
1848 78.97059425720863146125
1849 78.99737982598276175850
1850 79.02448646129482767719
1851 79.05217723312603084196
1852 79.07664378434515128902
1853 79.10102707655073572823
1854 79.12788238215443925583
1855 79.15201541565852494386
1856 79.17917530642557721876
1857 79.20228208737989916699
1858 79.22840577694819330645
1859 79.25725728601832997811
1860 79.28717000109600121505
1861 79.31391619284181615512
1862 79.33684856310492250486
1863 79.36263523698471544776
1864 79.38186921899728076824
1865 79.40756249891592233325
1866 79.43458424324603583955
1867 79.45843970385203647311
1868 79.48285897490495699458
1869 79.50490094461065382347
1870 79.53014285889662460249
1871 79.55744871938054529892
1872 79.58556467962307579000
1873 79.60885829755056875001
1874 79.63719457675438206934
1875 79.66307685101628521807
1876 79.68792716529537756287
1877 79.71798087586125802773
1878 79.73763254466030048206
1879 79.76486631040188512998
1880 79.79227647986795091128
1881 79.81181565129122645885
1882 79.83389970299344895466
1883 79.85921971778338956938
1884 79.88433633479053241899
1885 79.90880751874919951661
1886 79.93314061967157613253
1887 79.96035455413903036970
1888 79.98666412602892705763
1889 80.01124315048446078436
1890 80.03471131978881203395
1891 80.06502044594185463211
1892 80.09457034381875928375
1893 80.11939434105420332344
1894 80.14270388434147207590
1895 80.16493778116000612499
1896 80.18513211866684287088
1897 80.21473913472368622024
1898 80.24386729050934263796
1899 80.27368746407432809065
1900 80.30139100031692578341
1901 80.32474398376075441774
1902 80.34867629654968368413
1903 80.37463829045668717299
1904 80.40167542844574199989
1905 80.43326998249244752515
1906 80.45332323618936243292
1907 80.48066568340459525643
1908 80.50087169099310813181
1909 80.52340902495916452608
1910 80.54915407428438811621
1911 80.57449045959174327436
1912 80.60099875476885245007
1913 80.62358281283263750083
1914 80.64717869248397619231
1915 80.67349037909843900707
1916 80.69867597498546274437
1917 80.72805709299814225233
1918 80.75288322809524288459
1919 80.77853073710207354452
1920 80.80591317986136346008
1921 80.83256735449913321645
1922 80.85493839299806495546
1923 80.88108768177266938437
1924 80.90473389480166588328
1925 80.92833801037454577454
1926 80.95778198812672599161
1927 80.98498705705901556939
1928 81.00994733346556131437
1929 81.03574827038187322614
1930 81.05903791301307137473
1931 81.08850735456348957086
1932 81.11242621274254815944
1933 81.13898854988860875892
1934 81.16353610240435045853
1935 81.18663868406338224304
1936 81.20920439766541676363
1937 81.23540482934004103299
1938 81.25938459305029937241
1939 81.28414400147812557407
1940 81.30934912754469223728
1941 81.33200523194705056085
1942 81.35605400579061097233
1943 81.38022219134450097044
1944 81.40337113260534351866
1945 81.42728946598617767449
1946 81.45426192976105994603
1947 81.47649209316637097800
1948 81.49980690993379539577
1949 81.52733987431724926864
1950 81.54904099968371156137
1951 81.57400822902036452433
1952 81.59750292149306005740
1953 81.62303294667322006717
1954 81.65128794050679061911
1955 81.67517254948165827955
1956 81.70001135300253736204
1957 81.72617972209354775259
1958 81.75145580747653184517
1959 81.77503905057142219448
1960 81.80121034919397970953
1961 81.82554840061561662878
1962 81.85344975902967235015
1963 81.87856235276558436453
1964 81.90033615277093304030
1965 81.92390998197060980601
1966 81.94965404880895221140
1967 81.97722592194622848183
1968 82.00467633320977256517
1969 82.03047860974675131729
1970 82.05506203946833920782
1971 82.07398872710518844542
1972 82.09732527923915768042
1973 82.11968686535419692518
1974 82.14833085340433171950
1975 82.17400721794956552912
1976 82.19769019740124349482
1977 82.22045158980427004281
1978 82.24597992957251335611
1979 82.26584320688061779947
1980 82.29691235312657227041
1981 82.31988469564248589450
1982 82.34574718229623613297
1983 82.37381640564990448183
1984 82.39589496529288226156
1985 82.41833053425034449901
1986 82.44519284525313196355
1987 82.47255754448178777238
1988 82.49847086081217639730
1989 82.52273071751960742404
1990 82.54646276376979585621
1991 82.56892237675765500171
1992 82.59469603279694638331
1993 82.62096366753530674032
1994 82.64322013808805422741
1995 82.66814516637987253489
1996 82.69392295202123932540
1997 82.72150313035217550350
1998 82.74502567805348007823
1999 82.76454349299956447794
2000 82.79078448566951919929
